<?xml version="1.0" encoding="UTF-8"?>
<!-- Generated by org.testng.reporters.JUnitXMLReporter -->
<testsuite ignored="3" hostname="DESKTOP-2J5KE05" failures="0" tests="2" name="TestNg Group Feature topics" time="0.039" errors="0" timestamp="2022-05-16T23:34:25 IST">
  <testcase classname="testNGKeyWords.GroupsKeyword" name="testcase1" time="0.007"/>
  <testcase classname="testNGKeyWords.GroupsKeyword" name="testcase5" time="0.001"/>
  <testcase classname="testNGKeyWords.GroupsKeyword" name="testcase3" time="0.0">
    <ignored/>
  </testcase> <!-- testcase3 -->
  <testcase classname="testNGKeyWords.GroupsKeyword" name="testcase4" time="0.0">
    <ignored/>
  </testcase> <!-- testcase4 -->
  <testcase classname="testNGKeyWords.GroupsKeyword" name="testcase2" time="0.0">
    <ignored/>
  </testcase> <!-- testcase2 -->
</testsuite> <!-- TestNg Group Feature topics -->
